# JRE version: OpenJDK Runtime Environment (11.0.2+9) (build 11.0.2+9)
# Java VM: OpenJDK 64-Bit Server VM (11.0.2+9, mixed mode, tiered, compressed oops, g1 gc, windows-amd64)
Heap:
 garbage-first heap   total 266240K, used 78673K [0x00000000c0000000, 0x0000000100000000)
  region size 1024K, 1 young (1024K), 0 survivors (0K)
 Metaspace       used 16800K, capacity 17247K, committed 17536K, reserved 1064960K
  class space    used 2196K, capacity 2376K, committed 2432K, reserved 1048576K
GC Heap History (10 events):
Event: 41.433 GC heap before
{Heap before GC invocations=50 (full 29):
 garbage-first heap   total 266240K, used 78673K [0x00000000c0000000, 0x0000000100000000)
  region size 1024K, 1 young (1024K), 0 survivors (0K)
 Metaspace       used 16800K, capacity 17247K, committed 17536K, reserved 1064960K
  class space    used 2196K, capacity 2376K, committed 2432K, reserved 1048576K
}
Event: 41.462 GC heap after
{Heap after GC invocations=51 (full 30):
 garbage-first heap   total 266240K, used 78673K [0x00000000c0000000, 0x0000000100000000)
  region size 1024K, 0 young (0K), 0 survivors (0K)
 Metaspace       used 16800K, capacity 17247K, committed 17536K, reserved 1064960K
  class space    used 2196K, capacity 2376K, committed 2432K, reserved 1048576K
}
Event: 41.554 GC heap before
{Heap before GC invocations=51 (full 30):
 garbage-first heap   total 266240K, used 78673K [0x00000000c0000000, 0x0000000100000000)
  region size 1024K, 1 young (1024K), 0 survivors (0K)
 Metaspace       used 16800K, capacity 17247K, committed 17536K, reserved 1064960K
  class space    used 2196K, capacity 2376K, committed 2432K, reserved 1048576K
}
Event: 41.586 GC heap after
{Heap after GC invocations=52 (full 31):
 garbage-first heap   total 266240K, used 78673K [0x00000000c0000000, 0x0000000100000000)
  region size 1024K, 0 young (0K), 0 survivors (0K)
 Metaspace       used 16800K, capacity 17247K, committed 17536K, reserved 1064960K
  class space    used 2196K, capacity 2376K, committed 2432K, reserved 1048576K
}
Event: 41.689 GC heap before
{Heap before GC invocations=52 (full 31):
 garbage-first heap   total 266240K, used 78673K [0x00000000c0000000, 0x0000000100000000)
  region size 1024K, 1 young (1024K), 0 survivors (0K)
 Metaspace       used 16800K, capacity 17247K, committed 17536K, reserved 1064960K
  class space    used 2196K, capacity 2376K, committed 2432K, reserved 1048576K
}
Event: 41.724 GC heap after
{Heap after GC invocations=53 (full 32):
 garbage-first heap   total 266240K, used 78673K [0x00000000c0000000, 0x0000000100000000)
  region size 1024K, 0 young (0K), 0 survivors (0K)
 Metaspace       used 16800K, capacity 17247K, committed 17536K, reserved 1064960K
  class space    used 2196K, capacity 2376K, committed 2432K, reserved 1048576K
}
Event: 65.883 GC heap before
{Heap before GC invocations=53 (full 32):
 garbage-first heap   total 266240K, used 78673K [0x00000000c0000000, 0x0000000100000000)
  region size 1024K, 1 young (1024K), 0 survivors (0K)
 Metaspace       used 16800K, capacity 17247K, committed 17536K, reserved 1064960K
  class space    used 2196K, capacity 2376K, committed 2432K, reserved 1048576K
}
Event: 65.916 GC heap after
{Heap after GC invocations=54 (full 33):
 garbage-first heap   total 266240K, used 78673K [0x00000000c0000000, 0x0000000100000000)
  region size 1024K, 0 young (0K), 0 survivors (0K)
 Metaspace       used 16800K, capacity 17247K, committed 17536K, reserved 1064960K
  class space    used 2196K, capacity 2376K, committed 2432K, reserved 1048576K
}
Event: 66.506 GC heap before
{Heap before GC invocations=54 (full 33):
 garbage-first heap   total 266240K, used 78673K [0x00000000c0000000, 0x0000000100000000)
  region size 1024K, 1 young (1024K), 0 survivors (0K)
 Metaspace       used 16800K, capacity 17247K, committed 17536K, reserved 1064960K
  class space    used 2196K, capacity 2376K, committed 2432K, reserved 1048576K
}
Event: 66.536 GC heap after
{Heap after GC invocations=55 (full 34):
 garbage-first heap   total 266240K, used 78673K [0x00000000c0000000, 0x0000000100000000)
  region size 1024K, 0 young (0K), 0 survivors (0K)
 Metaspace       used 16800K, capacity 17247K, committed 17536K, reserved 1064960K
  class space    used 2196K, capacity 2376K, committed 2432K, reserved 1048576K
}

