# JRE version: OpenJDK Runtime Environment (11.0.2+9) (build 11.0.2+9)
# Java VM: OpenJDK 64-Bit Server VM (11.0.2+9, mixed mode, tiered, compressed oops, g1 gc, windows-amd64)
Heap:
 garbage-first heap   total 266240K, used 79695K [0x00000000c0000000, 0x0000000100000000)
  region size 1024K, 2 young (2048K), 0 survivors (0K)
 Metaspace       used 16809K, capacity 17247K, committed 17536K, reserved 1064960K
  class space    used 2198K, capacity 2376K, committed 2432K, reserved 1048576K
GC Heap History (10 events):
Event: 40.270 GC heap before
{Heap before GC invocations=41 (full 20):
 garbage-first heap   total 266240K, used 78671K [0x00000000c0000000, 0x0000000100000000)
  region size 1024K, 1 young (1024K), 0 survivors (0K)
 Metaspace       used 16796K, capacity 17247K, committed 17536K, reserved 1064960K
  class space    used 2196K, capacity 2376K, committed 2432K, reserved 1048576K
}
Event: 40.299 GC heap after
{Heap after GC invocations=42 (full 21):
 garbage-first heap   total 266240K, used 78671K [0x00000000c0000000, 0x0000000100000000)
  region size 1024K, 0 young (0K), 0 survivors (0K)
 Metaspace       used 16796K, capacity 17247K, committed 17536K, reserved 1064960K
  class space    used 2196K, capacity 2376K, committed 2432K, reserved 1048576K
}
Event: 40.392 GC heap before
{Heap before GC invocations=42 (full 21):
 garbage-first heap   total 266240K, used 78671K [0x00000000c0000000, 0x0000000100000000)
  region size 1024K, 1 young (1024K), 0 survivors (0K)
 Metaspace       used 16796K, capacity 17247K, committed 17536K, reserved 1064960K
  class space    used 2196K, capacity 2376K, committed 2432K, reserved 1048576K
}
Event: 40.425 GC heap after
{Heap after GC invocations=43 (full 22):
 garbage-first heap   total 266240K, used 78671K [0x00000000c0000000, 0x0000000100000000)
  region size 1024K, 0 young (0K), 0 survivors (0K)
 Metaspace       used 16796K, capacity 17247K, committed 17536K, reserved 1064960K
  class space    used 2196K, capacity 2376K, committed 2432K, reserved 1048576K
}
Event: 40.526 GC heap before
{Heap before GC invocations=43 (full 22):
 garbage-first heap   total 266240K, used 78671K [0x00000000c0000000, 0x0000000100000000)
  region size 1024K, 1 young (1024K), 0 survivors (0K)
 Metaspace       used 16796K, capacity 17247K, committed 17536K, reserved 1064960K
  class space    used 2196K, capacity 2376K, committed 2432K, reserved 1048576K
}
Event: 40.558 GC heap after
{Heap after GC invocations=44 (full 23):
 garbage-first heap   total 266240K, used 78671K [0x00000000c0000000, 0x0000000100000000)
  region size 1024K, 0 young (0K), 0 survivors (0K)
 Metaspace       used 16796K, capacity 17247K, committed 17536K, reserved 1064960K
  class space    used 2196K, capacity 2376K, committed 2432K, reserved 1048576K
}
Event: 45.372 GC heap before
{Heap before GC invocations=44 (full 23):
 garbage-first heap   total 266240K, used 78671K [0x00000000c0000000, 0x0000000100000000)
  region size 1024K, 1 young (1024K), 0 survivors (0K)
 Metaspace       used 16796K, capacity 17247K, committed 17536K, reserved 1064960K
  class space    used 2196K, capacity 2376K, committed 2432K, reserved 1048576K
}
Event: 45.405 GC heap after
{Heap after GC invocations=45 (full 24):
 garbage-first heap   total 266240K, used 78671K [0x00000000c0000000, 0x0000000100000000)
  region size 1024K, 0 young (0K), 0 survivors (0K)
 Metaspace       used 16796K, capacity 17247K, committed 17536K, reserved 1064960K
  class space    used 2196K, capacity 2376K, committed 2432K, reserved 1048576K
}
Event: 45.990 GC heap before
{Heap before GC invocations=45 (full 24):
 garbage-first heap   total 266240K, used 78671K [0x00000000c0000000, 0x0000000100000000)
  region size 1024K, 1 young (1024K), 0 survivors (0K)
 Metaspace       used 16796K, capacity 17247K, committed 17536K, reserved 1064960K
  class space    used 2196K, capacity 2376K, committed 2432K, reserved 1048576K
}
Event: 46.020 GC heap after
{Heap after GC invocations=46 (full 25):
 garbage-first heap   total 266240K, used 78671K [0x00000000c0000000, 0x0000000100000000)
  region size 1024K, 0 young (0K), 0 survivors (0K)
 Metaspace       used 16796K, capacity 17247K, committed 17536K, reserved 1064960K
  class space    used 2196K, capacity 2376K, committed 2432K, reserved 1048576K
}

